0 info it worked if it ends with ok
1 verbose cli [ 'C:\\Program Files\\nodejs\\\\node.exe',
1 verbose cli   'C:\\Program Files\\nodejs\\node_modules\\npm\\bin\\npm-cli.js',
1 verbose cli   'install',
1 verbose cli   '-g',
1 verbose cli   'n' ]
2 info using npm@1.4.28
3 info using node@v0.10.33
4 verbose node symlink C:\Program Files\nodejs\\node.exe
5 verbose cache add [ 'n', null ]
6 verbose cache add name=undefined spec="n" args=["n",null]
7 verbose parsed url { protocol: null,
7 verbose parsed url   slashes: null,
7 verbose parsed url   auth: null,
7 verbose parsed url   host: null,
7 verbose parsed url   port: null,
7 verbose parsed url   hostname: null,
7 verbose parsed url   hash: null,
7 verbose parsed url   search: null,
7 verbose parsed url   query: null,
7 verbose parsed url   pathname: 'n',
7 verbose parsed url   path: 'n',
7 verbose parsed url   href: 'n' }
8 silly lockFile d1854cae-n n
9 verbose lock n C:\Users\Alex\AppData\Roaming\npm-cache\d1854cae-n.lock
10 silly lockFile d1854cae-n n
11 silly lockFile d1854cae-n n
12 verbose addNamed [ 'n', '' ]
13 verbose addNamed [ null, '*' ]
14 silly lockFile 6b58d7dc-n n@
15 verbose lock n@ C:\Users\Alex\AppData\Roaming\npm-cache\6b58d7dc-n.lock
16 silly addNameRange { name: 'n', range: '*', hasData: false }
17 verbose request where is /n
18 verbose request registry https://registry.npmjs.org/
19 verbose request id 9d0f911975b3e546
20 verbose url raw /n
21 verbose url resolving [ 'https://registry.npmjs.org/', './n' ]
22 verbose url resolved https://registry.npmjs.org/n
23 verbose request where is https://registry.npmjs.org/n
24 info trying registry request attempt 1 at 11:38:12
25 verbose etag "1907I3F0DN6IQP91EEO7NT5RN"
26 http GET https://registry.npmjs.org/n
27 http 304 https://registry.npmjs.org/n
28 silly registry.get cb [ 304,
28 silly registry.get   { date: 'Sun, 21 Feb 2016 16:38:11 GMT',
28 silly registry.get     via: '1.1 varnish',
28 silly registry.get     'cache-control': 'max-age=300',
28 silly registry.get     etag: '"1907I3F0DN6IQP91EEO7NT5RN"',
28 silly registry.get     age: '118',
28 silly registry.get     connection: 'keep-alive',
28 silly registry.get     'x-served-by': 'cache-atl6237-ATL',
28 silly registry.get     'x-cache': 'HIT',
28 silly registry.get     'x-cache-hits': '1',
28 silly registry.get     'x-timer': 'S1456072691.428122,VS0,VE0',
28 silly registry.get     vary: 'Accept' } ]
29 verbose etag https://registry.npmjs.org/n from cache
30 silly addNameRange number 2 { name: 'n', range: '*', hasData: true }
31 silly addNameRange versions [ 'n',
31 silly addNameRange   [ '0.0.1',
31 silly addNameRange     '0.0.2',
31 silly addNameRange     '0.0.3',
31 silly addNameRange     '0.0.4',
31 silly addNameRange     '0.1.0',
31 silly addNameRange     '0.1.1',
31 silly addNameRange     '0.1.2',
31 silly addNameRange     '0.2.0',
31 silly addNameRange     '0.2.1',
31 silly addNameRange     '0.2.2',
31 silly addNameRange     '0.3.0',
31 silly addNameRange     '0.4.0',
31 silly addNameRange     '0.4.1',
31 silly addNameRange     '0.4.2',
31 silly addNameRange     '0.5.0',
31 silly addNameRange     '0.5.1',
31 silly addNameRange     '0.5.2',
31 silly addNameRange     '0.5.3',
31 silly addNameRange     '0.5.4',
31 silly addNameRange     '0.6.0',
31 silly addNameRange     '0.6.1',
31 silly addNameRange     '0.7.0',
31 silly addNameRange     '0.7.1',
31 silly addNameRange     '0.7.2',
31 silly addNameRange     '0.7.3',
31 silly addNameRange     '0.8.0',
31 silly addNameRange     '0.8.1',
31 silly addNameRange     '0.8.2',
31 silly addNameRange     '0.9.0',
31 silly addNameRange     '0.9.1',
31 silly addNameRange     '0.9.2',
31 silly addNameRange     '0.9.3',
31 silly addNameRange     '1.0.0',
31 silly addNameRange     '1.1.0',
31 silly addNameRange     '1.2.1',
31 silly addNameRange     '1.2.2',
31 silly addNameRange     '1.2.3',
31 silly addNameRange     '1.2.4',
31 silly addNameRange     '1.2.5',
31 silly addNameRange     '1.2.6',
31 silly addNameRange     '1.2.7',
31 silly addNameRange     '1.2.8',
31 silly addNameRange     '1.2.9',
31 silly addNameRange     '1.2.11',
31 silly addNameRange     '1.2.13',
31 silly addNameRange     '1.2.14',
31 silly addNameRange     '1.3.0',
31 silly addNameRange     '1.4.0',
31 silly addNameRange     '2.0.0',
31 silly addNameRange     '1.4.1',
31 silly addNameRange     '2.0.1',
31 silly addNameRange     '1.4.2',
31 silly addNameRange     '2.0.2',
31 silly addNameRange     '2.1.0' ] ]
32 verbose addNamed [ 'n', '2.1.0' ]
33 verbose addNamed [ '2.1.0', '2.1.0' ]
34 silly lockFile 0a8123fc-n-2-1-0 n@2.1.0
35 verbose lock n@2.1.0 C:\Users\Alex\AppData\Roaming\npm-cache\0a8123fc-n-2-1-0.lock
36 silly lockFile 0a8123fc-n-2-1-0 n@2.1.0
37 silly lockFile 0a8123fc-n-2-1-0 n@2.1.0
38 silly lockFile 6b58d7dc-n n@
39 silly lockFile 6b58d7dc-n n@
40 silly resolved [ { name: 'n',
40 silly resolved     description: 'Interactively Manage All Your Node Versions',
40 silly resolved     version: '2.1.0',
40 silly resolved     author: { name: 'TJ Holowaychuk', email: 'tj@vision-media.ca' },
40 silly resolved     homepage: 'https://github.com/tj/n',
40 silly resolved     bugs: { url: 'https://github.com/tj/n/issues' },
40 silly resolved     contributors: [ [Object], [Object], [Object] ],
40 silly resolved     keywords:
40 silly resolved      [ 'nvm',
40 silly resolved        'node',
40 silly resolved        'version',
40 silly resolved        'manager',
40 silly resolved        'switcher',
40 silly resolved        'node',
40 silly resolved        'binary',
40 silly resolved        'env' ],
40 silly resolved     bin: { n: './bin/n' },
40 silly resolved     repository: { type: 'git', url: 'git://github.com/tj/n.git' },
40 silly resolved     preferGlobal: true,
40 silly resolved     os: [ '!win32' ],
40 silly resolved     engines: { node: '*' },
40 silly resolved     license: 'MIT',
40 silly resolved     gitHead: '17ef0bf936c9ddb57b174d79f81ae04d8257883e',
40 silly resolved     _id: 'n@2.1.0',
40 silly resolved     scripts: {},
40 silly resolved     _shasum: '4fc736dc18291e464c79fda9ef8faf21e6e1a679',
40 silly resolved     _from: 'n@',
40 silly resolved     _npmVersion: '3.3.12',
40 silly resolved     _nodeVersion: '5.3.0',
40 silly resolved     _npmUser: { name: 'qw3rtman', email: 'me@nimit.io' },
40 silly resolved     dist:
40 silly resolved      { shasum: '4fc736dc18291e464c79fda9ef8faf21e6e1a679',
40 silly resolved        tarball: 'http://registry.npmjs.org/n/-/n-2.1.0.tgz' },
40 silly resolved     maintainers: [ [Object], [Object], [Object], [Object], [Object], [Object] ],
40 silly resolved     directories: {},
40 silly resolved     _resolved: 'https://registry.npmjs.org/n/-/n-2.1.0.tgz',
40 silly resolved     readme: 'ERROR: No README data found!' } ]
41 info install n@2.1.0 into C:\Users\Alex\AppData\Roaming\npm
42 info installOne n@2.1.0
43 error notsup Unsupported
43 error notsup Not compatible with your operating system or architecture: n@2.1.0
43 error notsup Valid OS:    !win32
43 error notsup Valid Arch:  any
43 error notsup Actual OS:   win32
43 error notsup Actual Arch: x64
44 error System Windows_NT 6.2.9200
45 error command "C:\\Program Files\\nodejs\\\\node.exe" "C:\\Program Files\\nodejs\\node_modules\\npm\\bin\\npm-cli.js" "install" "-g" "n"
46 error cwd C:\Users\Alex\Documents\Web Projects\nodejs\dolphin
47 error node -v v0.10.33
48 error npm -v 1.4.28
49 error code EBADPLATFORM
50 verbose exit [ 1, true ]
